{
  "RSpec": {
    "coverage": {
      "/Users/charlottefeather/Projects/bank-tech-test/spec/statement_spec.rb": [
        1,
        null,
        1,
        2,
        1,
        1,
        1,
        1,
        1,
        1,
        null,
        null,
        null
      ],
      "/Users/charlottefeather/Projects/bank-tech-test/lib/statement.rb": [
        1,
        1,
        1,
        1,
        null,
        null,
        1,
        null,
        1,
        1,
        1,
        1,
        2,
        2,
        null,
        1,
        null,
        null,
        1,
        2,
        null,
        null,
        1,
        2,
        null,
        null,
        1,
        2,
        1,
        null,
        null,
        null
      ],
      "/Users/charlottefeather/Projects/bank-tech-test/spec/transactions_spec.rb": [
        1,
        null,
        1,
        2,
        1,
        1,
        1,
        1,
        1,
        null,
        null,
        null
      ],
      "/Users/charlottefeather/Projects/bank-tech-test/lib/transactions.rb": [
        1,
        null,
        1,
        1,
        null,
        null,
        1,
        1,
        null,
        null
      ]
    },
    "timestamp": 1499775109
  }
}
